<?xml version="1.0" encoding="UTF-8"?>
<testng-results ignored="0" total="1" passed="1" failed="0" skipped="0">
  <reporter-output>
  </reporter-output>
  <suite started-at="2023-09-17T13:46:38 IST" name="Default suite" finished-at="2023-09-17T13:46:46 IST" duration-ms="8019">
    <groups>
    </groups>
    <test started-at="2023-09-17T13:46:38 IST" name="Default test" finished-at="2023-09-17T13:46:46 IST" duration-ms="8019">
      <class name="scripts.Testcase3">
        <test-method is-config="true" signature="OpenApp()[pri:0, instance:scripts.Testcase3@1b7cc17c]" started-at="2023-09-17T13:46:38 IST" name="OpenApp" finished-at="2023-09-17T13:46:41 IST" duration-ms="3050" status="PASS">
          <reporter-output>
          </reporter-output>
        </test-method> <!-- OpenApp -->
        <test-method signature="tc3()[pri:0, instance:scripts.Testcase3@1b7cc17c]" started-at="2023-09-17T13:46:41 IST" name="tc3" finished-at="2023-09-17T13:46:46 IST" duration-ms="4681" status="PASS">
          <reporter-output>
          </reporter-output>
        </test-method> <!-- tc3 -->
        <test-method is-config="true" signature="closeApp()[pri:0, instance:scripts.Testcase3@1b7cc17c]" started-at="2023-09-17T13:46:46 IST" name="closeApp" finished-at="2023-09-17T13:46:46 IST" duration-ms="251" status="PASS">
          <reporter-output>
          </reporter-output>
        </test-method> <!-- closeApp -->
      </class> <!-- scripts.Testcase3 -->
    </test> <!-- Default test -->
  </suite> <!-- Default suite -->
</testng-results>
