<?xml version="1.0" encoding="UTF-8"?>
<testng-results ignored="0" total="3" passed="3" failed="0" skipped="0">
  <reporter-output>
  </reporter-output>
  <suite started-at="2023-09-18T13:11:35 IST" name="Suite" finished-at="2023-09-18T13:12:44 IST" duration-ms="69136">
    <groups>
    </groups>
    <test started-at="2023-09-18T13:11:35 IST" name="Test" finished-at="2023-09-18T13:12:44 IST" duration-ms="69136">
      <class name="scripts.Testcase3">
        <test-method is-config="true" signature="OpenApp()[pri:0, instance:scripts.Testcase3@1a482e36]" started-at="2023-09-18T13:11:35 IST" name="OpenApp" finished-at="2023-09-18T13:12:22 IST" duration-ms="47032" status="PASS">
          <reporter-output>
          </reporter-output>
        </test-method> <!-- OpenApp -->
        <test-method signature="tc3()[pri:0, instance:scripts.Testcase3@1a482e36]" started-at="2023-09-18T13:12:22 IST" name="tc3" finished-at="2023-09-18T13:12:27 IST" duration-ms="5691" status="PASS">
          <reporter-output>
          </reporter-output>
        </test-method> <!-- tc3 -->
        <test-method is-config="true" signature="closeApp()[pri:0, instance:scripts.Testcase3@1a482e36]" started-at="2023-09-18T13:12:27 IST" name="closeApp" finished-at="2023-09-18T13:12:28 IST" duration-ms="224" status="PASS">
          <reporter-output>
          </reporter-output>
        </test-method> <!-- closeApp -->
      </class> <!-- scripts.Testcase3 -->
      <class name="scripts.Testcase2">
        <test-method is-config="true" signature="OpenApp()[pri:0, instance:scripts.Testcase2@235834f2]" started-at="2023-09-18T13:12:28 IST" name="OpenApp" finished-at="2023-09-18T13:12:30 IST" duration-ms="2528" status="PASS">
          <reporter-output>
          </reporter-output>
        </test-method> <!-- OpenApp -->
        <test-method signature="tc2()[pri:0, instance:scripts.Testcase2@235834f2]" started-at="2023-09-18T13:12:30 IST" name="tc2" finished-at="2023-09-18T13:12:38 IST" duration-ms="7387" status="PASS">
          <reporter-output>
          </reporter-output>
        </test-method> <!-- tc2 -->
        <test-method is-config="true" signature="closeApp()[pri:0, instance:scripts.Testcase2@235834f2]" started-at="2023-09-18T13:12:38 IST" name="closeApp" finished-at="2023-09-18T13:12:38 IST" duration-ms="174" status="PASS">
          <reporter-output>
          </reporter-output>
        </test-method> <!-- closeApp -->
      </class> <!-- scripts.Testcase2 -->
      <class name="scripts.Testcase1">
        <test-method is-config="true" signature="OpenApp()[pri:0, instance:scripts.Testcase1@5656be13]" started-at="2023-09-18T13:12:38 IST" name="OpenApp" finished-at="2023-09-18T13:12:40 IST" duration-ms="2429" status="PASS">
          <reporter-output>
          </reporter-output>
        </test-method> <!-- OpenApp -->
        <test-method signature="tc1()[pri:0, instance:scripts.Testcase1@5656be13]" started-at="2023-09-18T13:12:40 IST" name="tc1" finished-at="2023-09-18T13:12:44 IST" duration-ms="3482" status="PASS">
          <reporter-output>
          </reporter-output>
        </test-method> <!-- tc1 -->
        <test-method is-config="true" signature="closeApp()[pri:0, instance:scripts.Testcase1@5656be13]" started-at="2023-09-18T13:12:44 IST" name="closeApp" finished-at="2023-09-18T13:12:44 IST" duration-ms="126" status="PASS">
          <reporter-output>
          </reporter-output>
        </test-method> <!-- closeApp -->
      </class> <!-- scripts.Testcase1 -->
    </test> <!-- Test -->
  </suite> <!-- Suite -->
</testng-results>
